[07:59:43] 🔗 连接 127.0.0.1:6152
[07:59:48] 👤 阿伦-前端 (ID: 8454104686)
[07:59:48] 📡 监听 8 个频道
[07:59:48] 🚀 监听已启动
[08:06:57] 📤 发送: 555...
[08:09:48] 📝 编辑: 远哥会和海哥对接
[09:07:20] 📨 [股票需求沟通] 阿海（转账电话确认）（老板）: 
[需求] 创建: 这个处理了没？有没有交接...
[09:07:49] 📨 [股票需求沟通] 阿海（转账电话确认）（老板）: 这个处理了没？有没有交接
[需求] 回复: 这样搞的...
[09:08:24] 📨 ↩️ [股票需求沟通] 明智科技-梅凝: 这样搞的
[需求] 回复: 处理过了...
[09:08:33] 📨 ↩️ [股票需求沟通] xiaoxin: 处理过了
[09:11:42] 📝 编辑: 这个问题优化了，哥
[需求] 创建: 好...
[09:17:33] 📨 [股票需求沟通] 阿海（转账电话确认）（老板）: 好
[12:23:10] 📨 [西班牙股票-利哥] 明智科技-梅凝: 上架商城
iOS
https://apps.apple.co
[12:23:29] 📨 [西班牙股票-利哥] 明智科技-梅凝: 第一套双端上架好了，可以测试了老板
[12:23:44] 📨 [西班牙股票-利哥] 阿利: 好的，辛苦了，晚点测试
[12:23:51] 📨 [西班牙股票-利哥] 明智科技-梅凝: [文件]
Server closed the connection: 0 bytes read on a total of 8 expected bytes
[13:58:11] 📨 [股票需求发布] : 这个保留数据，台子关掉。


用这个台子，复刻一个演示服下来
[13:58:14] 📝 编辑: 这个保留数据，台子关掉。


用这个台子，复刻一个演示服下来
[需求] 创建: 这个保留数据，台子关掉。


用这个台子，复刻一个演示服下来...
[13:58:14] 📨 [股票需求沟通] : 这个保留数据，台子关掉。


用这个台子，复刻一个演示服下来
[需求] 创建: 1...
[13:58:54] 📨 [股票需求沟通] xiaoxin: 1
[需求] 回复: 这台子有演示服呢...
[14:01:29] 📨 ↩️ [股票需求沟通] 阿天 前端: 这台子有演示服呢
[需求] 回复: 前端已关...
[14:06:00] 📨 ↩️ [股票需求沟通] xiaoxin: 前端已关
[需求] 创建: 演示服没跟新语言包呀...
[14:08:49] 📨 ↩️ [股票需求沟通] 阿海（转账电话确认）（老板）: 演示服没跟新语言包呀
[14:08:59] 📤 [测试频道] Me: 111
[需求] 创建: 这个台子语言包是找翻译看过的呀...
[14:09:06] 📨 [股票需求沟通] 阿海（转账电话确认）（老板）: 这个台子语言包是找翻译看过的呀
[需求] 创建: 这个跟飞哥是一套，飞哥的有演示...
[14:09:32] 📨 [股票需求沟通] 阿天 前端: 这个跟飞哥是一套，飞哥的有演示
[14:12:41] 📨 [Liu] Liu: 1
[14:12:49] 📡 监听 9 个频道
[14:13:15] 📤 [Liu] Me: https://t.me/+1I8Bly-V_8k3N2Qx
[14:13:46] 📤 [测试频道] Me: 发布需求：111
[14:15:19] 📤 [测试频道] Me: 发布需求：
测试111
[14:15:29] 📤 ↩️ [测试频道] Me: 1111
[14:16:06] 📨 ↩️ [Liu] Liu: 1111
[14:16:29] 📤 [测试群] Me: https://t.me/viceroy_liu11/4
[14:16:42] 📤 [Liu] Me: https://t.me/+vWrouaJv3z43ZDhh
[14:23:20] 📝 编辑: 你们决定
[需求] 回复: 后端已处理...
[14:29:36] 📨 ↩️ [股票需求沟通] 后端: 后端已处理
[16:00:35] 📨 [股票需求发布] : 印度股票对接-阿特

新股新增不了
[16:00:37] 📝 编辑: 印度股票对接-阿特

新股新增不了
[需求] 创建: 印度股票对接-阿特

新股新增不了...
[16:00:38] 📨 [股票需求沟通] : 印度股票对接-阿特

新股新增不了
[需求] 回复: 1...
[16:01:01] 📨 ↩️ [股票需求沟通] 后端: 1
[需求] 回复: 认购总数量 最高填写到 100000000...
[16:04:00] 📨 ↩️ [股票需求沟通] 后端: 认购总数量 最高填写到 100000000
[需求] 回复: 重新新增试试...
[16:04:16] 📨 ↩️ [股票需求沟通] 后端: 重新新增试试
[需求] 创建: 好...
[16:04:56] 📨 [股票需求沟通] 明智科技-樱桃: 好
[需求] 创建: 还是异常...
[16:09:26] 📨 ↩️ [股票需求沟通] 明智科技-樱桃: 还是异常
[需求] 回复: 我试试...
[16:10:13] 📨 ↩️ [股票需求沟通] 后端: 我试试
[需求] 创建: 好...
[16:11:45] 📨 ↩️ [股票需求沟通] 明智科技-樱桃: 好
[16:23:27] 📤 [测试频道] Me: 测试需求1
[16:23:47] 📤 [测试群] Me: 测试需求1
[需求] 回复: 处理了 加上了 让客户核对下...
[16:25:57] 📨 ↩️ [股票需求沟通] 后端: 处理了 加上了 让客户核对下
[需求] 创建: 好的...
[16:26:10] 📨 ↩️ [股票需求沟通] 明智科技-樱桃: 好的
[16:26:41] 📝 编辑: 印度股票对接-阿特

新股新增不了

已处理
[需求] 更新: 印度股票对接-阿特

新股新增不了

已处理...
[16:26:41] 📝 编辑: 印度股票对接-阿特

新股新增不了

已处理
[16:27:01] 📤 [测试频道] Me: 发布需求：2
[16:27:26] 📝 编辑: 现在已经提交了，周一差不多就出来了，养一天周二就可以用了
[16:31:04] 📤 [测试频道] Me: 测试3
[16:32:19] 📝 编辑: 全部的业务密码重置
[16:32:53] 📝 编辑: iubc444
[需求] 更新: 这个客户前端看不到是什么原因...
[16:45:08] 📨 ↩️ [股票需求沟通] 明智科技-樱桃: 这个客户前端看不到是什么原因
[16:45:08] 📨 ↩️ [股票需求沟通] 后端: 设置了锁定
[16:45:08] 📨 ↩️ [股票需求沟通] 后端: 设置为不锁定就可以了 我看他给的截图是锁定
[需求] 更新: 好...
[16:45:08] 📨 ↩️ [股票需求沟通] 明智科技-樱桃: 好
[16:47:26] 📝 编辑: 改了
[16:47:32] 📝 编辑: 改了
Server closed the connection: 0 bytes read on a total of 8 expected bytes
[需求] 更新: 1.平均年收入去除 % 号...
[17:00:11] 📨 [股票需求沟通] 后端: 1.平均年收入去除 % 号
[需求] 创建: 2. 在 1 处允许编辑输入金额，金额大于0 小于对应货币可...
[17:00:16] 📨 [股票需求沟通] 后端: 2. 在 1 处允许编辑输入金额，金额大于0 小于对应货币可
[需求] 创建: 3.跟单信息列表 如果是 跟单中 状态，展示 actualA...
[17:01:18] 📨 [股票需求沟通] 后端: 3.跟单信息列表 如果是 跟单中 状态，展示 actualA
[需求] 创建: 日本飞哥的...
[17:01:25] 📨 [股票需求沟通] 后端: 日本飞哥的
[需求] 创建: 好...
[17:01:44] 📨 [股票需求沟通] 阿天 前端: 好
[17:30:11] 📨 ↩️ [股票需求沟通] 阿天 前端: 已处理
[需求] 创建: 1...
[17:30:21] 📨 [股票需求沟通] 后端: 1
Server closed the connection: 0 bytes read on a total of 8 expected bytes
Attempt 1 at connecting failed: ConnectionError: [Errno 61] Could not connect to proxy 127.0.0.1:6152 [Connect call failed ('127.0.0.1', 6152)]
Server closed the connection: [Errno 54] Connection reset by peer
[17:32:23] 📝 编辑: 晚点哈。我给老板留言了
[19:24:23] 📨 [股票需求发布] : 日股对接-飞哥

客户ID：618794  转换不了 日元转
[需求] 更新: 日股对接-飞哥

客户ID：618794  转换不了 日元转...
[19:24:23] 📨 [股票需求沟通] : 日股对接-飞哥

客户ID：618794  转换不了 日元转
[20:31:45] 📝 编辑: 有些字段可能客户端没有放出来，设置完可以看下 有什么不合适的
[需求] 创建: @atian2468  天哥 看下这个...
[20:48:40] 📨 [股票需求沟通] 后端: @atian2468  天哥 看下这个
[需求] 创建: 有数据 没展示...
[20:48:42] 📨 [股票需求沟通] 后端: 有数据 没展示
[需求] 创建: 我看下...
[20:49:04] 📨 [股票需求沟通] 阿天 前端: 我看下
[需求] 更新: 你先给配上吧...
[20:54:12] 📨 [股票需求沟通] 阿天 前端: 你先给配上吧
[需求] 更新: 嗯嗯...
[20:54:12] 📨 [股票需求沟通] 后端: 嗯嗯
[需求] 更新: 管理端弄弄下必穿吧 k线这个...
[20:54:14] 📨 [股票需求沟通] 后端: 管理端弄弄下必穿吧 k线这个
[需求] 更新: 小k线没值...
[20:54:14] 📨 [股票需求沟通] 阿天 前端: 小k线没值
[需求] 更新: 限制加上了...
[21:01:08] 📨 [股票需求沟通] 阿天 前端: 限制加上了
[需求] 更新: 嗯嗯 好...
[21:01:08] 📨 [股票需求沟通] 后端: 嗯嗯 好
Server closed the connection: 0 bytes read on a total of 8 expected bytes
[需求] 创建: /**
     * 跟单参与者
     */
    p...
[22:25:22] 📨 [股票需求沟通] 后端: /**
     * 跟单参与者
     */
    p
[需求] 回复: 天哥 股票封控加个这...
[22:25:33] 📨 ↩️ [股票需求沟通] 后端: 天哥 股票封控加个这
[需求] 创建: 1...
[22:25:48] 📨 [股票需求沟通] 阿天 前端: 1
[需求] 更新: 1.跟单资金追加接口

权限字符：followuporder...
[22:39:27] 📨 [股票需求沟通] 后端: 1.跟单资金追加接口

权限字符：followuporder
[22:39:28] 📨 ↩️ [股票需求沟通] 后端: 只有 跟单中 这个状态 才展示这个追加资金按钮
[需求] 创建: 1...
[22:39:48] 📨 [股票需求沟通] 阿天 前端: 1
[需求] 回复: 已处理...
[22:55:48] 📨 ↩️ [股票需求沟通] 阿天 前端: 已处理
[需求] 回复: 已处理...
[22:55:55] 📨 ↩️ [股票需求沟通] 阿天 前端: 已处理
[需求] 更新: 1...
[23:00:25] 📨 [股票需求沟通] 后端: 1
[需求] 更新: 美股技术维护-Ling


给加个土耳其语...
[23:00:25] 📨 [股票需求沟通] : 美股技术维护-Ling


给加个土耳其语
[23:00:25] 📨 ↩️ [股票需求沟通] 阿洛-后端【此号不进行任何资金交易】: 咱们前端没有土耳其的语言包吧
[需求] 更新: 没有，语言包要加...
[23:00:25] 📨 [股票需求沟通] 阿天 前端: 没有，语言包要加
[需求] 更新: 好...
[23:00:25] 📨 [股票需求沟通] 阿洛-后端【此号不进行任何资金交易】: 好
[需求] 回复: 这个字典我先加上去了  键值是tr...
[23:00:26] 📨 ↩️ [股票需求沟通] 阿洛-后端【此号不进行任何资金交易】: 这个字典我先加上去了  键值是tr
[23:01:11] 📨 [股票需求发布] : 美股技术维护-Ling


给加个土耳其语
[23:02:06] 📤 [股票前端] Me: 1
Server closed the connection: 0 bytes read on a total of 8 expected bytes
[需求] 更新: 嗨嗨嗨  语言包还没搞上是吧 点了没作用...
[23:23:37] 📨 ↩️ [股票需求沟通] 明智科技-点点: 嗨嗨嗨  语言包还没搞上是吧 点了没作用
[23:23:37] 📨 [股票需求沟通] 明智科技-点点: [文件]
[23:23:37] 📨 ↩️ [股票需求沟通] 阿洛-后端【此号不进行任何资金交易】: 对的 相当于箭头加上了  但是箭头指向的东西没加
[23:23:37] 📨 [股票需求沟通] 明智科技-点点: [文件]
[需求] 回复: 这个词条太多了 翻译需要时间...
[23:23:41] 📨 ↩️ [股票需求沟通] 阿洛-后端【此号不进行任何资金交易】: 这个词条太多了 翻译需要时间
[需求] 创建: OK...
[23:23:48] 📨 [股票需求沟通] 明智科技-点点: OK
[23:30:40] 📨 [股票需求沟通] 明智科技-点点: 
[23:39:06] 📝 编辑: 彻底封死了
[需求] 更新: 已处理...
[23:45:52] 📨 ↩️ [股票需求沟通] 阿洛-后端【此号不进行任何资金交易】: 已处理
[00:23:39] 📤 ↩️ [股票需求沟通] Me: 已ok
[需求] 更新: 美股技术维护-Ling


给加个土耳其语

已处理...
[00:53:40] 📝 编辑: 美股技术维护-Ling


给加个土耳其语

已处理
[01:01:16] 📝 编辑: 美股技术维护-Ling


给加个土耳其语

已处理
Server closed the connection: 0 bytes read on a total of 8 expected bytes
Attempt 1 at connecting failed: ConnectionError: [Errno 61] Could not connect to proxy 127.0.0.1:6152 [Connect call failed ('127.0.0.1', 6152)]
[01:46:23] 📨 ↩️ [沙特5期同步-园园2] 大: 这个软件的错误还没有修改吗
[01:46:26] 📨 [沙特5期同步-园园2] 阿洛-后端【此号不进行任何资金交易】: 
[02:01:23] 📨 [沙特5期同步-园园2] 阿洛-后端【此号不进行任何资金交易】: 改了
[02:01:23] 📨 [沙特5期同步-园园2] 大: 但是我从手机上看了还是之前的ktw
[02:01:23] 📨 ↩️ [沙特5期同步-园园2] 阿洛-后端【此号不进行任何资金交易】: 静态文件有缓存的哥 清理一下缓存试试
[02:01:23] 📨 [沙特5期同步-园园2] 大: 好的
[02:53:48] 📝 编辑: 这里还有中文
[03:18:33] ❌ 发送失败: An invalid Peer was used. Make sure to pass the right peer type and that the value is valid (for instance, bots cannot start conversations) (caused by SendMessageRequest)
[03:18:50] ❌ 发送失败: An invalid Peer was used. Make sure to pass the right peer type and that the value is valid (for instance, bots cannot start conversations) (caused by SendMessageRequest)
